{"/Users/bayu_seno/Documents/hacktiv8/phase2/Individual Project/ip-steadzyy-salah/Server/app.js": {"path":"/Users/bayu_seno/Documents/hacktiv8/phase2/Individual Project/ip-steadzyy-salah/Server/app.js","statementMap":{"0":{"start":{"line":1,"column":0},"end":{"line":3,"column":1}},"1":{"start":{"line":2,"column":2},"end":{"line":2,"column":28}},"2":{"start":{"line":5,"column":16},"end":{"line":5,"column":34}},"3":{"start":{"line":6,"column":20},"end":{"line":6,"column":55}},"4":{"start":{"line":7,"column":12},"end":{"line":7,"column":21}},"5":{"start":{"line":8,"column":13},"end":{"line":8,"column":17}},"6":{"start":{"line":9,"column":0},"end":{"line":9,"column":24}},"7":{"start":{"line":11,"column":0},"end":{"line":11,"column":49}},"8":{"start":{"line":13,"column":13},"end":{"line":13,"column":28}},"9":{"start":{"line":14,"column":0},"end":{"line":14,"column":15}},"10":{"start":{"line":15,"column":0},"end":{"line":15,"column":34}},"11":{"start":{"line":17,"column":0},"end":{"line":17,"column":20}},"12":{"start":{"line":20,"column":0},"end":{"line":20,"column":21}}},"fnMap":{},"branchMap":{"0":{"loc":{"start":{"line":1,"column":0},"end":{"line":3,"column":1}},"type":"if","locations":[{"start":{"line":1,"column":0},"end":{"line":3,"column":1}},{"start":{},"end":{}}],"line":1}},"s":{"0":1,"1":1,"2":1,"3":1,"4":1,"5":1,"6":1,"7":1,"8":1,"9":1,"10":1,"11":1,"12":1},"f":{},"b":{"0":[1,0]},"_coverageSchema":"1a1c01bbd47fc00a2c39e90264f33305004495a9","hash":"11331df4b0cb729797a8d238f6206f76be939cc3"}
,"/Users/bayu_seno/Documents/hacktiv8/phase2/Individual Project/ip-steadzyy-salah/Server/controllers/controller.js": {"path":"/Users/bayu_seno/Documents/hacktiv8/phase2/Individual Project/ip-steadzyy-salah/Server/controllers/controller.js","statementMap":{"0":{"start":{"line":1,"column":24},"end":{"line":1,"column":43}},"1":{"start":{"line":2,"column":30},"end":{"line":2,"column":50}},"2":{"start":{"line":3,"column":22},"end":{"line":3,"column":46}},"3":{"start":{"line":4,"column":18},"end":{"line":4,"column":38}},"4":{"start":{"line":5,"column":25},"end":{"line":5,"column":55}},"5":{"start":{"line":6,"column":18},"end":{"line":6,"column":48}},"6":{"start":{"line":7,"column":15},"end":{"line":7,"column":33}},"7":{"start":{"line":8,"column":15},"end":{"line":8,"column":44}},"8":{"start":{"line":12,"column":4},"end":{"line":20,"column":5}},"9":{"start":{"line":13,"column":17},"end":{"line":13,"column":37}},"10":{"start":{"line":14,"column":6},"end":{"line":16,"column":7}},"11":{"start":{"line":15,"column":8},"end":{"line":15,"column":41}},"12":{"start":{"line":17,"column":6},"end":{"line":17,"column":33}},"13":{"start":{"line":19,"column":6},"end":{"line":19,"column":17}},"14":{"start":{"line":23,"column":4},"end":{"line":35,"column":5}},"15":{"start":{"line":24,"column":50},"end":{"line":24,"column":58}},"16":{"start":{"line":25,"column":17},"end":{"line":25,"column":44}},"17":{"start":{"line":26,"column":6},"end":{"line":28,"column":7}},"18":{"start":{"line":27,"column":8},"end":{"line":27,"column":47}},"19":{"start":{"line":29,"column":6},"end":{"line":31,"column":9}},"20":{"start":{"line":33,"column":6},"end":{"line":33,"column":25}},"21":{"start":{"line":34,"column":6},"end":{"line":34,"column":17}},"22":{"start":{"line":38,"column":4},"end":{"line":57,"column":5}},"23":{"start":{"line":39,"column":32},"end":{"line":39,"column":40}},"24":{"start":{"line":40,"column":6},"end":{"line":42,"column":7}},"25":{"start":{"line":41,"column":8},"end":{"line":41,"column":49}},"26":{"start":{"line":43,"column":17},"end":{"line":47,"column":8}},"27":{"start":{"line":48,"column":20},"end":{"line":48,"column":56}},"28":{"start":{"line":49,"column":6},"end":{"line":51,"column":7}},"29":{"start":{"line":50,"column":8},"end":{"line":50,"column":49}},"30":{"start":{"line":52,"column":25},"end":{"line":52,"column":40}},"31":{"start":{"line":53,"column":6},"end":{"line":53,"column":61}},"32":{"start":{"line":55,"column":6},"end":{"line":55,"column":25}},"33":{"start":{"line":56,"column":6},"end":{"line":56,"column":17}},"34":{"start":{"line":60,"column":4},"end":{"line":84,"column":5}},"35":{"start":{"line":61,"column":6},"end":{"line":61,"column":54}},"36":{"start":{"line":62,"column":21},"end":{"line":66,"column":8}},"37":{"start":{"line":67,"column":22},"end":{"line":67,"column":41}},"38":{"start":{"line":68,"column":6},"end":{"line":68,"column":34}},"39":{"start":{"line":70,"column":29},"end":{"line":79,"column":8}},"40":{"start":{"line":80,"column":27},"end":{"line":80,"column":51}},"41":{"start":{"line":81,"column":6},"end":{"line":81,"column":45}},"42":{"start":{"line":83,"column":6},"end":{"line":83,"column":25}},"43":{"start":{"line":89,"column":4},"end":{"line":111,"column":5}},"44":{"start":{"line":90,"column":29},"end":{"line":90,"column":31}},"45":{"start":{"line":91,"column":17},"end":{"line":104,"column":8}},"46":{"start":{"line":105,"column":6},"end":{"line":107,"column":7}},"47":{"start":{"line":106,"column":8},"end":{"line":106,"column":42}},"48":{"start":{"line":108,"column":6},"end":{"line":108,"column":33}},"49":{"start":{"line":110,"column":6},"end":{"line":110,"column":17}},"50":{"start":{"line":114,"column":4},"end":{"line":123,"column":5}},"51":{"start":{"line":115,"column":19},"end":{"line":115,"column":29}},"52":{"start":{"line":116,"column":18},"end":{"line":116,"column":41}},"53":{"start":{"line":117,"column":6},"end":{"line":119,"column":7}},"54":{"start":{"line":118,"column":8},"end":{"line":118,"column":42}},"55":{"start":{"line":120,"column":6},"end":{"line":120,"column":34}},"56":{"start":{"line":122,"column":6},"end":{"line":122,"column":17}},"57":{"start":{"line":128,"column":4},"end":{"line":135,"column":5}},"58":{"start":{"line":129,"column":23},"end":{"line":129,"column":31}},"59":{"start":{"line":130,"column":17},"end":{"line":130,"column":36}},"60":{"start":{"line":131,"column":6},"end":{"line":131,"column":32}},"61":{"start":{"line":133,"column":6},"end":{"line":133,"column":25}},"62":{"start":{"line":134,"column":6},"end":{"line":134,"column":62}},"63":{"start":{"line":139,"column":4},"end":{"line":162,"column":5}},"64":{"start":{"line":140,"column":29},"end":{"line":140,"column":31}},"65":{"start":{"line":141,"column":17},"end":{"line":154,"column":8}},"66":{"start":{"line":155,"column":6},"end":{"line":157,"column":7}},"67":{"start":{"line":156,"column":8},"end":{"line":156,"column":42}},"68":{"start":{"line":158,"column":6},"end":{"line":158,"column":33}},"69":{"start":{"line":160,"column":6},"end":{"line":160,"column":25}},"70":{"start":{"line":161,"column":6},"end":{"line":161,"column":17}},"71":{"start":{"line":165,"column":4},"end":{"line":178,"column":5}},"72":{"start":{"line":166,"column":61},"end":{"line":166,"column":69}},"73":{"start":{"line":167,"column":17},"end":{"line":174,"column":8}},"74":{"start":{"line":175,"column":6},"end":{"line":175,"column":33}},"75":{"start":{"line":177,"column":6},"end":{"line":177,"column":17}},"76":{"start":{"line":181,"column":4},"end":{"line":190,"column":5}},"77":{"start":{"line":182,"column":19},"end":{"line":182,"column":29}},"78":{"start":{"line":183,"column":18},"end":{"line":183,"column":41}},"79":{"start":{"line":184,"column":6},"end":{"line":186,"column":7}},"80":{"start":{"line":185,"column":8},"end":{"line":185,"column":42}},"81":{"start":{"line":187,"column":6},"end":{"line":187,"column":34}},"82":{"start":{"line":189,"column":6},"end":{"line":189,"column":17}},"83":{"start":{"line":193,"column":4},"end":{"line":207,"column":5}},"84":{"start":{"line":194,"column":19},"end":{"line":194,"column":29}},"85":{"start":{"line":195,"column":18},"end":{"line":195,"column":41}},"86":{"start":{"line":196,"column":6},"end":{"line":198,"column":7}},"87":{"start":{"line":197,"column":8},"end":{"line":197,"column":42}},"88":{"start":{"line":199,"column":6},"end":{"line":203,"column":9}},"89":{"start":{"line":204,"column":6},"end":{"line":204,"column":34}},"90":{"start":{"line":206,"column":6},"end":{"line":206,"column":17}},"91":{"start":{"line":210,"column":4},"end":{"line":226,"column":5}},"92":{"start":{"line":211,"column":19},"end":{"line":211,"column":29}},"93":{"start":{"line":212,"column":18},"end":{"line":212,"column":41}},"94":{"start":{"line":213,"column":6},"end":{"line":215,"column":7}},"95":{"start":{"line":214,"column":8},"end":{"line":214,"column":42}},"96":{"start":{"line":216,"column":6},"end":{"line":220,"column":9}},"97":{"start":{"line":221,"column":6},"end":{"line":223,"column":77}},"98":{"start":{"line":225,"column":6},"end":{"line":225,"column":17}},"99":{"start":{"line":231,"column":4},"end":{"line":239,"column":5}},"100":{"start":{"line":232,"column":18},"end":{"line":232,"column":39}},"101":{"start":{"line":233,"column":6},"end":{"line":235,"column":7}},"102":{"start":{"line":234,"column":8},"end":{"line":234,"column":42}},"103":{"start":{"line":236,"column":6},"end":{"line":236,"column":34}},"104":{"start":{"line":238,"column":5},"end":{"line":238,"column":16}},"105":{"start":{"line":242,"column":4},"end":{"line":251,"column":5}},"106":{"start":{"line":243,"column":6},"end":{"line":243,"column":36}},"107":{"start":{"line":244,"column":18},"end":{"line":247,"column":8}},"108":{"start":{"line":248,"column":6},"end":{"line":248,"column":34}},"109":{"start":{"line":250,"column":5},"end":{"line":250,"column":16}},"110":{"start":{"line":254,"column":4},"end":{"line":263,"column":5}},"111":{"start":{"line":255,"column":19},"end":{"line":255,"column":29}},"112":{"start":{"line":256,"column":18},"end":{"line":256,"column":42}},"113":{"start":{"line":257,"column":6},"end":{"line":259,"column":7}},"114":{"start":{"line":258,"column":8},"end":{"line":258,"column":42}},"115":{"start":{"line":260,"column":6},"end":{"line":260,"column":34}},"116":{"start":{"line":262,"column":6},"end":{"line":262,"column":17}},"117":{"start":{"line":266,"column":4},"end":{"line":280,"column":5}},"118":{"start":{"line":267,"column":19},"end":{"line":267,"column":29}},"119":{"start":{"line":268,"column":18},"end":{"line":268,"column":42}},"120":{"start":{"line":269,"column":6},"end":{"line":271,"column":7}},"121":{"start":{"line":270,"column":8},"end":{"line":270,"column":42}},"122":{"start":{"line":272,"column":6},"end":{"line":276,"column":9}},"123":{"start":{"line":277,"column":6},"end":{"line":277,"column":34}},"124":{"start":{"line":279,"column":6},"end":{"line":279,"column":17}},"125":{"start":{"line":283,"column":4},"end":{"line":299,"column":5}},"126":{"start":{"line":284,"column":19},"end":{"line":284,"column":29}},"127":{"start":{"line":285,"column":18},"end":{"line":285,"column":42}},"128":{"start":{"line":286,"column":6},"end":{"line":288,"column":7}},"129":{"start":{"line":287,"column":8},"end":{"line":287,"column":42}},"130":{"start":{"line":289,"column":6},"end":{"line":293,"column":9}},"131":{"start":{"line":294,"column":6},"end":{"line":296,"column":77}},"132":{"start":{"line":298,"column":6},"end":{"line":298,"column":17}},"133":{"start":{"line":303,"column":0},"end":{"line":303,"column":28}}},"fnMap":{"0":{"name":"(anonymous_0)","decl":{"start":{"line":11,"column":2},"end":{"line":11,"column":3}},"loc":{"start":{"line":11,"column":42},"end":{"line":21,"column":3}},"line":11},"1":{"name":"(anonymous_1)","decl":{"start":{"line":22,"column":2},"end":{"line":22,"column":3}},"loc":{"start":{"line":22,"column":40},"end":{"line":36,"column":3}},"line":22},"2":{"name":"(anonymous_2)","decl":{"start":{"line":37,"column":2},"end":{"line":37,"column":3}},"loc":{"start":{"line":37,"column":37},"end":{"line":58,"column":3}},"line":37},"3":{"name":"(anonymous_3)","decl":{"start":{"line":59,"column":2},"end":{"line":59,"column":3}},"loc":{"start":{"line":59,"column":43},"end":{"line":85,"column":3}},"line":59},"4":{"name":"(anonymous_4)","decl":{"start":{"line":88,"column":2},"end":{"line":88,"column":3}},"loc":{"start":{"line":88,"column":49},"end":{"line":112,"column":3}},"line":88},"5":{"name":"(anonymous_5)","decl":{"start":{"line":113,"column":2},"end":{"line":113,"column":3}},"loc":{"start":{"line":113,"column":53},"end":{"line":124,"column":3}},"line":113},"6":{"name":"(anonymous_6)","decl":{"start":{"line":127,"column":2},"end":{"line":127,"column":3}},"loc":{"start":{"line":127,"column":33},"end":{"line":136,"column":3}},"line":127},"7":{"name":"(anonymous_7)","decl":{"start":{"line":138,"column":2},"end":{"line":138,"column":3}},"loc":{"start":{"line":138,"column":43},"end":{"line":163,"column":3}},"line":138},"8":{"name":"(anonymous_8)","decl":{"start":{"line":164,"column":2},"end":{"line":164,"column":3}},"loc":{"start":{"line":164,"column":40},"end":{"line":179,"column":3}},"line":164},"9":{"name":"(anonymous_9)","decl":{"start":{"line":180,"column":2},"end":{"line":180,"column":3}},"loc":{"start":{"line":180,"column":44},"end":{"line":191,"column":3}},"line":180},"10":{"name":"(anonymous_10)","decl":{"start":{"line":192,"column":2},"end":{"line":192,"column":3}},"loc":{"start":{"line":192,"column":47},"end":{"line":208,"column":3}},"line":192},"11":{"name":"(anonymous_11)","decl":{"start":{"line":209,"column":2},"end":{"line":209,"column":3}},"loc":{"start":{"line":209,"column":47},"end":{"line":227,"column":3}},"line":209},"12":{"name":"(anonymous_12)","decl":{"start":{"line":230,"column":2},"end":{"line":230,"column":3}},"loc":{"start":{"line":230,"column":43},"end":{"line":240,"column":3}},"line":230},"13":{"name":"(anonymous_13)","decl":{"start":{"line":241,"column":2},"end":{"line":241,"column":3}},"loc":{"start":{"line":241,"column":40},"end":{"line":252,"column":3}},"line":241},"14":{"name":"(anonymous_14)","decl":{"start":{"line":253,"column":2},"end":{"line":253,"column":3}},"loc":{"start":{"line":253,"column":44},"end":{"line":264,"column":3}},"line":253},"15":{"name":"(anonymous_15)","decl":{"start":{"line":265,"column":2},"end":{"line":265,"column":3}},"loc":{"start":{"line":265,"column":47},"end":{"line":281,"column":3}},"line":265},"16":{"name":"(anonymous_16)","decl":{"start":{"line":282,"column":2},"end":{"line":282,"column":3}},"loc":{"start":{"line":282,"column":47},"end":{"line":300,"column":3}},"line":282}},"branchMap":{"0":{"loc":{"start":{"line":14,"column":6},"end":{"line":16,"column":7}},"type":"if","locations":[{"start":{"line":14,"column":6},"end":{"line":16,"column":7}},{"start":{},"end":{}}],"line":14},"1":{"loc":{"start":{"line":26,"column":6},"end":{"line":28,"column":7}},"type":"if","locations":[{"start":{"line":26,"column":6},"end":{"line":28,"column":7}},{"start":{},"end":{}}],"line":26},"2":{"loc":{"start":{"line":40,"column":6},"end":{"line":42,"column":7}},"type":"if","locations":[{"start":{"line":40,"column":6},"end":{"line":42,"column":7}},{"start":{},"end":{}}],"line":40},"3":{"loc":{"start":{"line":49,"column":6},"end":{"line":51,"column":7}},"type":"if","locations":[{"start":{"line":49,"column":6},"end":{"line":51,"column":7}},{"start":{},"end":{}}],"line":49},"4":{"loc":{"start":{"line":105,"column":6},"end":{"line":107,"column":7}},"type":"if","locations":[{"start":{"line":105,"column":6},"end":{"line":107,"column":7}},{"start":{},"end":{}}],"line":105},"5":{"loc":{"start":{"line":117,"column":6},"end":{"line":119,"column":7}},"type":"if","locations":[{"start":{"line":117,"column":6},"end":{"line":119,"column":7}},{"start":{},"end":{}}],"line":117},"6":{"loc":{"start":{"line":155,"column":6},"end":{"line":157,"column":7}},"type":"if","locations":[{"start":{"line":155,"column":6},"end":{"line":157,"column":7}},{"start":{},"end":{}}],"line":155},"7":{"loc":{"start":{"line":184,"column":6},"end":{"line":186,"column":7}},"type":"if","locations":[{"start":{"line":184,"column":6},"end":{"line":186,"column":7}},{"start":{},"end":{}}],"line":184},"8":{"loc":{"start":{"line":196,"column":6},"end":{"line":198,"column":7}},"type":"if","locations":[{"start":{"line":196,"column":6},"end":{"line":198,"column":7}},{"start":{},"end":{}}],"line":196},"9":{"loc":{"start":{"line":213,"column":6},"end":{"line":215,"column":7}},"type":"if","locations":[{"start":{"line":213,"column":6},"end":{"line":215,"column":7}},{"start":{},"end":{}}],"line":213},"10":{"loc":{"start":{"line":233,"column":6},"end":{"line":235,"column":7}},"type":"if","locations":[{"start":{"line":233,"column":6},"end":{"line":235,"column":7}},{"start":{},"end":{}}],"line":233},"11":{"loc":{"start":{"line":257,"column":6},"end":{"line":259,"column":7}},"type":"if","locations":[{"start":{"line":257,"column":6},"end":{"line":259,"column":7}},{"start":{},"end":{}}],"line":257},"12":{"loc":{"start":{"line":269,"column":6},"end":{"line":271,"column":7}},"type":"if","locations":[{"start":{"line":269,"column":6},"end":{"line":271,"column":7}},{"start":{},"end":{}}],"line":269},"13":{"loc":{"start":{"line":286,"column":6},"end":{"line":288,"column":7}},"type":"if","locations":[{"start":{"line":286,"column":6},"end":{"line":288,"column":7}},{"start":{},"end":{}}],"line":286}},"s":{"0":1,"1":1,"2":1,"3":1,"4":1,"5":1,"6":1,"7":1,"8":0,"9":0,"10":0,"11":0,"12":0,"13":0,"14":1,"15":1,"16":1,"17":1,"18":0,"19":1,"20":0,"21":0,"22":0,"23":0,"24":0,"25":0,"26":0,"27":0,"28":0,"29":0,"30":0,"31":0,"32":0,"33":0,"34":0,"35":0,"36":0,"37":0,"38":0,"39":0,"40":0,"41":0,"42":0,"43":0,"44":0,"45":0,"46":0,"47":0,"48":0,"49":0,"50":0,"51":0,"52":0,"53":0,"54":0,"55":0,"56":0,"57":0,"58":0,"59":0,"60":0,"61":0,"62":0,"63":0,"64":0,"65":0,"66":0,"67":0,"68":0,"69":0,"70":0,"71":0,"72":0,"73":0,"74":0,"75":0,"76":0,"77":0,"78":0,"79":0,"80":0,"81":0,"82":0,"83":0,"84":0,"85":0,"86":0,"87":0,"88":0,"89":0,"90":0,"91":0,"92":0,"93":0,"94":0,"95":0,"96":0,"97":0,"98":0,"99":0,"100":0,"101":0,"102":0,"103":0,"104":0,"105":0,"106":0,"107":0,"108":0,"109":0,"110":0,"111":0,"112":0,"113":0,"114":0,"115":0,"116":0,"117":0,"118":0,"119":0,"120":0,"121":0,"122":0,"123":0,"124":0,"125":0,"126":0,"127":0,"128":0,"129":0,"130":0,"131":0,"132":0,"133":1},"f":{"0":0,"1":1,"2":0,"3":0,"4":0,"5":0,"6":0,"7":0,"8":0,"9":0,"10":0,"11":0,"12":0,"13":0,"14":0,"15":0,"16":0},"b":{"0":[0,0],"1":[0,1],"2":[0,0],"3":[0,0],"4":[0,0],"5":[0,0],"6":[0,0],"7":[0,0],"8":[0,0],"9":[0,0],"10":[0,0],"11":[0,0],"12":[0,0],"13":[0,0]},"_coverageSchema":"1a1c01bbd47fc00a2c39e90264f33305004495a9","hash":"70237316548b615ff0f86fb4694871a939ada488"}
,"/Users/bayu_seno/Documents/hacktiv8/phase2/Individual Project/ip-steadzyy-salah/Server/helper/geminiAI.js": {"path":"/Users/bayu_seno/Documents/hacktiv8/phase2/Individual Project/ip-steadzyy-salah/Server/helper/geminiAI.js","statementMap":{"0":{"start":{"line":1,"column":31},"end":{"line":1,"column":63}},"1":{"start":{"line":2,"column":0},"end":{"line":2,"column":27}},"2":{"start":{"line":6,"column":15},"end":{"line":20,"column":1}},"3":{"start":{"line":7,"column":16},"end":{"line":7,"column":69}},"4":{"start":{"line":9,"column":16},"end":{"line":9,"column":71}},"5":{"start":{"line":11,"column":17},"end":{"line":11,"column":80}},"6":{"start":{"line":13,"column":17},"end":{"line":13,"column":52}},"7":{"start":{"line":14,"column":19},"end":{"line":14,"column":40}},"8":{"start":{"line":15,"column":13},"end":{"line":15,"column":28}},"9":{"start":{"line":16,"column":2},"end":{"line":16,"column":20}},"10":{"start":{"line":17,"column":2},"end":{"line":17,"column":32}},"11":{"start":{"line":19,"column":2},"end":{"line":19,"column":13}},"12":{"start":{"line":22,"column":0},"end":{"line":22,"column":24}}},"fnMap":{"0":{"name":"(anonymous_0)","decl":{"start":{"line":6,"column":15},"end":{"line":6,"column":16}},"loc":{"start":{"line":6,"column":32},"end":{"line":20,"column":1}},"line":6}},"branchMap":{},"s":{"0":1,"1":1,"2":1,"3":0,"4":0,"5":0,"6":0,"7":0,"8":0,"9":0,"10":0,"11":0,"12":1},"f":{"0":0},"b":{},"_coverageSchema":"1a1c01bbd47fc00a2c39e90264f33305004495a9","hash":"2eb481df8b24d925a29fbd9ebadefe2c5ac1034b"}
,"/Users/bayu_seno/Documents/hacktiv8/phase2/Individual Project/ip-steadzyy-salah/Server/helper/jwt.js": {"path":"/Users/bayu_seno/Documents/hacktiv8/phase2/Individual Project/ip-steadzyy-salah/Server/helper/jwt.js","statementMap":{"0":{"start":{"line":1,"column":12},"end":{"line":1,"column":35}},"1":{"start":{"line":2,"column":19},"end":{"line":2,"column":41}},"2":{"start":{"line":4,"column":19},"end":{"line":6,"column":1}},"3":{"start":{"line":5,"column":4},"end":{"line":5,"column":83}},"4":{"start":{"line":7,"column":20},"end":{"line":9,"column":1}},"5":{"start":{"line":8,"column":4},"end":{"line":8,"column":40}},"6":{"start":{"line":10,"column":0},"end":{"line":10,"column":41}}},"fnMap":{"0":{"name":"(anonymous_0)","decl":{"start":{"line":4,"column":19},"end":{"line":4,"column":20}},"loc":{"start":{"line":4,"column":27},"end":{"line":6,"column":1}},"line":4},"1":{"name":"(anonymous_1)","decl":{"start":{"line":7,"column":20},"end":{"line":7,"column":21}},"loc":{"start":{"line":7,"column":29},"end":{"line":9,"column":1}},"line":7}},"branchMap":{},"s":{"0":1,"1":1,"2":1,"3":1,"4":1,"5":0,"6":1},"f":{"0":1,"1":0},"b":{},"_coverageSchema":"1a1c01bbd47fc00a2c39e90264f33305004495a9","hash":"09f3e7763c04964b4fc41cbdc516044d3be704f5"}
,"/Users/bayu_seno/Documents/hacktiv8/phase2/Individual Project/ip-steadzyy-salah/Server/middleware/authentication.js": {"path":"/Users/bayu_seno/Documents/hacktiv8/phase2/Individual Project/ip-steadzyy-salah/Server/middleware/authentication.js","statementMap":{"0":{"start":{"line":1,"column":24},"end":{"line":1,"column":48}},"1":{"start":{"line":2,"column":17},"end":{"line":2,"column":37}},"2":{"start":{"line":5,"column":4},"end":{"line":32,"column":5}},"3":{"start":{"line":6,"column":8},"end":{"line":6,"column":62}},"4":{"start":{"line":7,"column":27},"end":{"line":7,"column":52}},"5":{"start":{"line":8,"column":8},"end":{"line":10,"column":9}},"6":{"start":{"line":9,"column":12},"end":{"line":9,"column":40}},"7":{"start":{"line":12,"column":28},"end":{"line":12,"column":51}},"8":{"start":{"line":13,"column":8},"end":{"line":16,"column":9}},"9":{"start":{"line":14,"column":12},"end":{"line":14,"column":48}},"10":{"start":{"line":15,"column":12},"end":{"line":15,"column":42}},"11":{"start":{"line":17,"column":22},"end":{"line":17,"column":40}},"12":{"start":{"line":18,"column":19},"end":{"line":18,"column":50}},"13":{"start":{"line":20,"column":8},"end":{"line":22,"column":9}},"14":{"start":{"line":21,"column":12},"end":{"line":21,"column":42}},"15":{"start":{"line":24,"column":8},"end":{"line":27,"column":9}},"16":{"start":{"line":28,"column":8},"end":{"line":28,"column":14}},"17":{"start":{"line":31,"column":8},"end":{"line":31,"column":19}},"18":{"start":{"line":36,"column":0},"end":{"line":36,"column":32}}},"fnMap":{"0":{"name":"authenthication","decl":{"start":{"line":4,"column":15},"end":{"line":4,"column":30}},"loc":{"start":{"line":4,"column":46},"end":{"line":33,"column":1}},"line":4}},"branchMap":{"0":{"loc":{"start":{"line":8,"column":8},"end":{"line":10,"column":9}},"type":"if","locations":[{"start":{"line":8,"column":8},"end":{"line":10,"column":9}},{"start":{},"end":{}}],"line":8},"1":{"loc":{"start":{"line":13,"column":8},"end":{"line":16,"column":9}},"type":"if","locations":[{"start":{"line":13,"column":8},"end":{"line":16,"column":9}},{"start":{},"end":{}}],"line":13},"2":{"loc":{"start":{"line":20,"column":8},"end":{"line":22,"column":9}},"type":"if","locations":[{"start":{"line":20,"column":8},"end":{"line":22,"column":9}},{"start":{},"end":{}}],"line":20}},"s":{"0":1,"1":1,"2":0,"3":0,"4":0,"5":0,"6":0,"7":0,"8":0,"9":0,"10":0,"11":0,"12":0,"13":0,"14":0,"15":0,"16":0,"17":0,"18":1},"f":{"0":0},"b":{"0":[0,0],"1":[0,0],"2":[0,0]},"_coverageSchema":"1a1c01bbd47fc00a2c39e90264f33305004495a9","hash":"033586dcd6d2af2430b5c4c835c6fd07f836c8d1"}
,"/Users/bayu_seno/Documents/hacktiv8/phase2/Individual Project/ip-steadzyy-salah/Server/middleware/authorization.js": {"path":"/Users/bayu_seno/Documents/hacktiv8/phase2/Individual Project/ip-steadzyy-salah/Server/middleware/authorization.js","statementMap":{"0":{"start":{"line":1,"column":23},"end":{"line":1,"column":43}},"1":{"start":{"line":4,"column":4},"end":{"line":24,"column":5}},"2":{"start":{"line":5,"column":19},"end":{"line":5,"column":30}},"3":{"start":{"line":6,"column":21},"end":{"line":6,"column":34}},"4":{"start":{"line":7,"column":23},"end":{"line":7,"column":36}},"5":{"start":{"line":9,"column":19},"end":{"line":9,"column":46}},"6":{"start":{"line":13,"column":8},"end":{"line":21,"column":9}},"7":{"start":{"line":14,"column":12},"end":{"line":14,"column":18}},"8":{"start":{"line":16,"column":12},"end":{"line":20,"column":13}},"9":{"start":{"line":17,"column":16},"end":{"line":17,"column":43}},"10":{"start":{"line":19,"column":16},"end":{"line":19,"column":22}},"11":{"start":{"line":23,"column":8},"end":{"line":23,"column":19}},"12":{"start":{"line":27,"column":0},"end":{"line":27,"column":30}}},"fnMap":{"0":{"name":"authorization","decl":{"start":{"line":3,"column":15},"end":{"line":3,"column":28}},"loc":{"start":{"line":3,"column":44},"end":{"line":25,"column":1}},"line":3}},"branchMap":{"0":{"loc":{"start":{"line":13,"column":8},"end":{"line":21,"column":9}},"type":"if","locations":[{"start":{"line":13,"column":8},"end":{"line":21,"column":9}},{"start":{"line":15,"column":13},"end":{"line":21,"column":9}}],"line":13},"1":{"loc":{"start":{"line":16,"column":12},"end":{"line":20,"column":13}},"type":"if","locations":[{"start":{"line":16,"column":12},"end":{"line":20,"column":13}},{"start":{"line":18,"column":17},"end":{"line":20,"column":13}}],"line":16}},"s":{"0":1,"1":0,"2":0,"3":0,"4":0,"5":0,"6":0,"7":0,"8":0,"9":0,"10":0,"11":0,"12":1},"f":{"0":0},"b":{"0":[0,0],"1":[0,0]},"_coverageSchema":"1a1c01bbd47fc00a2c39e90264f33305004495a9","hash":"4a5eda1309f9e6c6be0fd3b4a82dddd52d31fefe"}
,"/Users/bayu_seno/Documents/hacktiv8/phase2/Individual Project/ip-steadzyy-salah/Server/middleware/errorHandle.js": {"path":"/Users/bayu_seno/Documents/hacktiv8/phase2/Individual Project/ip-steadzyy-salah/Server/middleware/errorHandle.js","statementMap":{"0":{"start":{"line":1,"column":0},"end":{"line":49,"column":1}},"1":{"start":{"line":3,"column":17},"end":{"line":3,"column":36}},"2":{"start":{"line":4,"column":18},"end":{"line":4,"column":58}},"3":{"start":{"line":6,"column":4},"end":{"line":47,"column":5}},"4":{"start":{"line":9,"column":12},"end":{"line":9,"column":25}},"5":{"start":{"line":10,"column":12},"end":{"line":10,"column":46}},"6":{"start":{"line":11,"column":12},"end":{"line":11,"column":18}},"7":{"start":{"line":13,"column":12},"end":{"line":13,"column":26}},"8":{"start":{"line":14,"column":12},"end":{"line":14,"column":39}},"9":{"start":{"line":15,"column":12},"end":{"line":15,"column":18}},"10":{"start":{"line":17,"column":12},"end":{"line":17,"column":26}},"11":{"start":{"line":18,"column":12},"end":{"line":18,"column":45}},"12":{"start":{"line":19,"column":12},"end":{"line":19,"column":18}},"13":{"start":{"line":21,"column":12},"end":{"line":21,"column":26}},"14":{"start":{"line":22,"column":12},"end":{"line":22,"column":47}},"15":{"start":{"line":23,"column":12},"end":{"line":23,"column":18}},"16":{"start":{"line":25,"column":12},"end":{"line":25,"column":26}},"17":{"start":{"line":26,"column":12},"end":{"line":26,"column":40}},"18":{"start":{"line":27,"column":12},"end":{"line":27,"column":18}},"19":{"start":{"line":29,"column":12},"end":{"line":29,"column":26}},"20":{"start":{"line":30,"column":12},"end":{"line":30,"column":40}},"21":{"start":{"line":31,"column":12},"end":{"line":31,"column":18}},"22":{"start":{"line":33,"column":12},"end":{"line":33,"column":26}},"23":{"start":{"line":34,"column":12},"end":{"line":34,"column":39}},"24":{"start":{"line":35,"column":12},"end":{"line":35,"column":18}},"25":{"start":{"line":38,"column":12},"end":{"line":38,"column":26}},"26":{"start":{"line":39,"column":12},"end":{"line":39,"column":38}},"27":{"start":{"line":40,"column":12},"end":{"line":40,"column":18}},"28":{"start":{"line":42,"column":12},"end":{"line":42,"column":26}},"29":{"start":{"line":43,"column":12},"end":{"line":43,"column":34}},"30":{"start":{"line":44,"column":12},"end":{"line":44,"column":18}},"31":{"start":{"line":46,"column":12},"end":{"line":46,"column":18}},"32":{"start":{"line":48,"column":4},"end":{"line":48,"column":47}}},"fnMap":{"0":{"name":"errorHandle","decl":{"start":{"line":1,"column":26},"end":{"line":1,"column":37}},"loc":{"start":{"line":1,"column":60},"end":{"line":49,"column":1}},"line":1}},"branchMap":{"0":{"loc":{"start":{"line":3,"column":17},"end":{"line":3,"column":36}},"type":"binary-expr","locations":[{"start":{"line":3,"column":17},"end":{"line":3,"column":29}},{"start":{"line":3,"column":33},"end":{"line":3,"column":36}}],"line":3},"1":{"loc":{"start":{"line":4,"column":18},"end":{"line":4,"column":58}},"type":"binary-expr","locations":[{"start":{"line":4,"column":18},"end":{"line":4,"column":31}},{"start":{"line":4,"column":35},"end":{"line":4,"column":58}}],"line":4},"2":{"loc":{"start":{"line":6,"column":4},"end":{"line":47,"column":5}},"type":"switch","locations":[{"start":{"line":7,"column":8},"end":{"line":7,"column":40}},{"start":{"line":8,"column":8},"end":{"line":11,"column":18}},{"start":{"line":12,"column":8},"end":{"line":15,"column":18}},{"start":{"line":16,"column":8},"end":{"line":19,"column":18}},{"start":{"line":20,"column":8},"end":{"line":23,"column":18}},{"start":{"line":24,"column":8},"end":{"line":27,"column":18}},{"start":{"line":28,"column":8},"end":{"line":31,"column":18}},{"start":{"line":32,"column":8},"end":{"line":35,"column":18}},{"start":{"line":36,"column":8},"end":{"line":36,"column":29}},{"start":{"line":37,"column":8},"end":{"line":40,"column":18}},{"start":{"line":41,"column":8},"end":{"line":44,"column":18}},{"start":{"line":45,"column":8},"end":{"line":46,"column":18}}],"line":6}},"s":{"0":1,"1":0,"2":0,"3":0,"4":0,"5":0,"6":0,"7":0,"8":0,"9":0,"10":0,"11":0,"12":0,"13":0,"14":0,"15":0,"16":0,"17":0,"18":0,"19":0,"20":0,"21":0,"22":0,"23":0,"24":0,"25":0,"26":0,"27":0,"28":0,"29":0,"30":0,"31":0,"32":0},"f":{"0":0},"b":{"0":[0,0],"1":[0,0],"2":[0,0,0,0,0,0,0,0,0,0,0,0]},"_coverageSchema":"1a1c01bbd47fc00a2c39e90264f33305004495a9","hash":"42172a6978a069d67131d6027aa87d7aa23a3db4"}
,"/Users/bayu_seno/Documents/hacktiv8/phase2/Individual Project/ip-steadzyy-salah/Server/models/game.js": {"path":"/Users/bayu_seno/Documents/hacktiv8/phase2/Individual Project/ip-steadzyy-salah/Server/models/game.js","statementMap":{"0":{"start":{"line":4,"column":4},"end":{"line":4,"column":24}},"1":{"start":{"line":5,"column":0},"end":{"line":66,"column":2}},"2":{"start":{"line":14,"column":6},"end":{"line":14,"column":34}},"3":{"start":{"line":15,"column":6},"end":{"line":15,"column":33}},"4":{"start":{"line":18,"column":2},"end":{"line":64,"column":5}},"5":{"start":{"line":65,"column":2},"end":{"line":65,"column":14}}},"fnMap":{"0":{"name":"(anonymous_0)","decl":{"start":{"line":5,"column":17},"end":{"line":5,"column":18}},"loc":{"start":{"line":5,"column":43},"end":{"line":66,"column":1}},"line":5},"1":{"name":"(anonymous_1)","decl":{"start":{"line":12,"column":4},"end":{"line":12,"column":5}},"loc":{"start":{"line":12,"column":29},"end":{"line":16,"column":5}},"line":12}},"branchMap":{},"s":{"0":1,"1":1,"2":1,"3":1,"4":1,"5":1},"f":{"0":1,"1":1},"b":{},"_coverageSchema":"1a1c01bbd47fc00a2c39e90264f33305004495a9","hash":"ad30764409fb5ae247a421cac9f0e3d96bc156b8"}
,"/Users/bayu_seno/Documents/hacktiv8/phase2/Individual Project/ip-steadzyy-salah/Server/models/genre.js": {"path":"/Users/bayu_seno/Documents/hacktiv8/phase2/Individual Project/ip-steadzyy-salah/Server/models/genre.js","statementMap":{"0":{"start":{"line":4,"column":4},"end":{"line":4,"column":24}},"1":{"start":{"line":5,"column":0},"end":{"line":36,"column":2}},"2":{"start":{"line":14,"column":6},"end":{"line":14,"column":37}},"3":{"start":{"line":15,"column":6},"end":{"line":15,"column":32}},"4":{"start":{"line":18,"column":2},"end":{"line":34,"column":5}},"5":{"start":{"line":35,"column":2},"end":{"line":35,"column":15}}},"fnMap":{"0":{"name":"(anonymous_0)","decl":{"start":{"line":5,"column":17},"end":{"line":5,"column":18}},"loc":{"start":{"line":5,"column":43},"end":{"line":36,"column":1}},"line":5},"1":{"name":"(anonymous_1)","decl":{"start":{"line":12,"column":4},"end":{"line":12,"column":5}},"loc":{"start":{"line":12,"column":29},"end":{"line":16,"column":5}},"line":12}},"branchMap":{},"s":{"0":1,"1":1,"2":1,"3":1,"4":1,"5":1},"f":{"0":1,"1":1},"b":{},"_coverageSchema":"1a1c01bbd47fc00a2c39e90264f33305004495a9","hash":"65831fd514d4a824ba3695b6d5ad44e04d459d8f"}
,"/Users/bayu_seno/Documents/hacktiv8/phase2/Individual Project/ip-steadzyy-salah/Server/models/index.js": {"path":"/Users/bayu_seno/Documents/hacktiv8/phase2/Individual Project/ip-steadzyy-salah/Server/models/index.js","statementMap":{"0":{"start":{"line":3,"column":11},"end":{"line":3,"column":24}},"1":{"start":{"line":4,"column":13},"end":{"line":4,"column":28}},"2":{"start":{"line":5,"column":18},"end":{"line":5,"column":38}},"3":{"start":{"line":6,"column":16},"end":{"line":6,"column":34}},"4":{"start":{"line":7,"column":17},"end":{"line":7,"column":42}},"5":{"start":{"line":8,"column":12},"end":{"line":8,"column":49}},"6":{"start":{"line":9,"column":15},"end":{"line":9,"column":65}},"7":{"start":{"line":10,"column":11},"end":{"line":10,"column":13}},"8":{"start":{"line":13,"column":0},"end":{"line":17,"column":1}},"9":{"start":{"line":14,"column":2},"end":{"line":14,"column":74}},"10":{"start":{"line":16,"column":2},"end":{"line":16,"column":87}},"11":{"start":{"line":19,"column":0},"end":{"line":32,"column":5}},"12":{"start":{"line":22,"column":4},"end":{"line":27,"column":6}},"13":{"start":{"line":30,"column":18},"end":{"line":30,"column":85}},"14":{"start":{"line":31,"column":4},"end":{"line":31,"column":27}},"15":{"start":{"line":34,"column":0},"end":{"line":38,"column":3}},"16":{"start":{"line":35,"column":2},"end":{"line":37,"column":3}},"17":{"start":{"line":36,"column":4},"end":{"line":36,"column":32}},"18":{"start":{"line":40,"column":0},"end":{"line":40,"column":25}},"19":{"start":{"line":41,"column":0},"end":{"line":41,"column":25}},"20":{"start":{"line":43,"column":0},"end":{"line":43,"column":20}}},"fnMap":{"0":{"name":"(anonymous_0)","decl":{"start":{"line":21,"column":10},"end":{"line":21,"column":11}},"loc":{"start":{"line":21,"column":18},"end":{"line":28,"column":3}},"line":21},"1":{"name":"(anonymous_1)","decl":{"start":{"line":29,"column":11},"end":{"line":29,"column":12}},"loc":{"start":{"line":29,"column":19},"end":{"line":32,"column":3}},"line":29},"2":{"name":"(anonymous_2)","decl":{"start":{"line":34,"column":24},"end":{"line":34,"column":25}},"loc":{"start":{"line":34,"column":37},"end":{"line":38,"column":1}},"line":34}},"branchMap":{"0":{"loc":{"start":{"line":8,"column":12},"end":{"line":8,"column":49}},"type":"binary-expr","locations":[{"start":{"line":8,"column":12},"end":{"line":8,"column":32}},{"start":{"line":8,"column":36},"end":{"line":8,"column":49}}],"line":8},"1":{"loc":{"start":{"line":13,"column":0},"end":{"line":17,"column":1}},"type":"if","locations":[{"start":{"line":13,"column":0},"end":{"line":17,"column":1}},{"start":{"line":15,"column":7},"end":{"line":17,"column":1}}],"line":13},"2":{"loc":{"start":{"line":23,"column":6},"end":{"line":26,"column":37}},"type":"binary-expr","locations":[{"start":{"line":23,"column":6},"end":{"line":23,"column":29}},{"start":{"line":24,"column":6},"end":{"line":24,"column":23}},{"start":{"line":25,"column":6},"end":{"line":25,"column":30}},{"start":{"line":26,"column":6},"end":{"line":26,"column":37}}],"line":23},"3":{"loc":{"start":{"line":35,"column":2},"end":{"line":37,"column":3}},"type":"if","locations":[{"start":{"line":35,"column":2},"end":{"line":37,"column":3}},{"start":{},"end":{}}],"line":35}},"s":{"0":1,"1":1,"2":1,"3":1,"4":1,"5":1,"6":1,"7":1,"8":1,"9":0,"10":1,"11":1,"12":5,"13":4,"14":4,"15":1,"16":4,"17":4,"18":1,"19":1,"20":1},"f":{"0":5,"1":4,"2":4},"b":{"0":[1,0],"1":[0,1],"2":[5,5,4,4],"3":[4,0]},"_coverageSchema":"1a1c01bbd47fc00a2c39e90264f33305004495a9","hash":"97fad7f5e7632d78b058b1a5db67c05911ca0d7d"}
,"/Users/bayu_seno/Documents/hacktiv8/phase2/Individual Project/ip-steadzyy-salah/Server/models/user.js": {"path":"/Users/bayu_seno/Documents/hacktiv8/phase2/Individual Project/ip-steadzyy-salah/Server/models/user.js","statementMap":{"0":{"start":{"line":4,"column":4},"end":{"line":4,"column":24}},"1":{"start":{"line":5,"column":15},"end":{"line":5,"column":34}},"2":{"start":{"line":6,"column":0},"end":{"line":77,"column":2}},"3":{"start":{"line":15,"column":6},"end":{"line":15,"column":36}},"4":{"start":{"line":16,"column":6},"end":{"line":16,"column":31}},"5":{"start":{"line":20,"column":2},"end":{"line":75,"column":5}},"6":{"start":{"line":69,"column":28},"end":{"line":69,"column":50}},"7":{"start":{"line":70,"column":25},"end":{"line":70,"column":68}},"8":{"start":{"line":71,"column":8},"end":{"line":71,"column":33}},"9":{"start":{"line":76,"column":2},"end":{"line":76,"column":14}}},"fnMap":{"0":{"name":"(anonymous_0)","decl":{"start":{"line":6,"column":17},"end":{"line":6,"column":18}},"loc":{"start":{"line":6,"column":43},"end":{"line":77,"column":1}},"line":6},"1":{"name":"(anonymous_1)","decl":{"start":{"line":13,"column":4},"end":{"line":13,"column":5}},"loc":{"start":{"line":13,"column":29},"end":{"line":18,"column":5}},"line":13},"2":{"name":"(anonymous_2)","decl":{"start":{"line":68,"column":6},"end":{"line":68,"column":7}},"loc":{"start":{"line":68,"column":32},"end":{"line":73,"column":7}},"line":68}},"branchMap":{},"s":{"0":1,"1":1,"2":1,"3":1,"4":1,"5":1,"6":2,"7":2,"8":2,"9":1},"f":{"0":1,"1":1,"2":2},"b":{},"_coverageSchema":"1a1c01bbd47fc00a2c39e90264f33305004495a9","hash":"dae161e3e6b7e8084fca9b256408c892b06bae2f"}
,"/Users/bayu_seno/Documents/hacktiv8/phase2/Individual Project/ip-steadzyy-salah/Server/models/usergenre.js": {"path":"/Users/bayu_seno/Documents/hacktiv8/phase2/Individual Project/ip-steadzyy-salah/Server/models/usergenre.js","statementMap":{"0":{"start":{"line":4,"column":4},"end":{"line":4,"column":24}},"1":{"start":{"line":5,"column":0},"end":{"line":26,"column":2}},"2":{"start":{"line":14,"column":6},"end":{"line":14,"column":39}},"3":{"start":{"line":15,"column":6},"end":{"line":15,"column":38}},"4":{"start":{"line":18,"column":2},"end":{"line":24,"column":5}},"5":{"start":{"line":25,"column":2},"end":{"line":25,"column":19}}},"fnMap":{"0":{"name":"(anonymous_0)","decl":{"start":{"line":5,"column":17},"end":{"line":5,"column":18}},"loc":{"start":{"line":5,"column":43},"end":{"line":26,"column":1}},"line":5},"1":{"name":"(anonymous_1)","decl":{"start":{"line":12,"column":4},"end":{"line":12,"column":5}},"loc":{"start":{"line":12,"column":29},"end":{"line":16,"column":5}},"line":12}},"branchMap":{},"s":{"0":1,"1":1,"2":1,"3":1,"4":1,"5":1},"f":{"0":1,"1":1},"b":{},"_coverageSchema":"1a1c01bbd47fc00a2c39e90264f33305004495a9","hash":"a1b91ad0ff815c52754a1e9cf8592b7918699fcf"}
,"/Users/bayu_seno/Documents/hacktiv8/phase2/Individual Project/ip-steadzyy-salah/Server/routes/index.js": {"path":"/Users/bayu_seno/Documents/hacktiv8/phase2/Individual Project/ip-steadzyy-salah/Server/routes/index.js","statementMap":{"0":{"start":{"line":1,"column":16},"end":{"line":1,"column":34}},"1":{"start":{"line":2,"column":19},"end":{"line":2,"column":55}},"2":{"start":{"line":3,"column":24},"end":{"line":3,"column":63}},"3":{"start":{"line":4,"column":23},"end":{"line":4,"column":61}},"4":{"start":{"line":5,"column":15},"end":{"line":5,"column":31}},"5":{"start":{"line":7,"column":0},"end":{"line":7,"column":43}},"6":{"start":{"line":8,"column":0},"end":{"line":8,"column":45}},"7":{"start":{"line":9,"column":0},"end":{"line":9,"column":39}},"8":{"start":{"line":10,"column":0},"end":{"line":10,"column":52}},"9":{"start":{"line":13,"column":0},"end":{"line":13,"column":54}},"10":{"start":{"line":14,"column":0},"end":{"line":14,"column":53}},"11":{"start":{"line":15,"column":0},"end":{"line":15,"column":53}},"12":{"start":{"line":18,"column":0},"end":{"line":18,"column":27}},"13":{"start":{"line":21,"column":0},"end":{"line":21,"column":44}},"14":{"start":{"line":22,"column":0},"end":{"line":22,"column":57}},"15":{"start":{"line":23,"column":0},"end":{"line":23,"column":49}},"16":{"start":{"line":24,"column":0},"end":{"line":24,"column":67}},"17":{"start":{"line":25,"column":0},"end":{"line":25,"column":70}},"18":{"start":{"line":28,"column":0},"end":{"line":28,"column":44}},"19":{"start":{"line":29,"column":0},"end":{"line":29,"column":57}},"20":{"start":{"line":30,"column":0},"end":{"line":30,"column":49}},"21":{"start":{"line":31,"column":0},"end":{"line":31,"column":67}},"22":{"start":{"line":32,"column":0},"end":{"line":32,"column":70}},"23":{"start":{"line":34,"column":0},"end":{"line":34,"column":23}}},"fnMap":{},"branchMap":{},"s":{"0":1,"1":1,"2":1,"3":1,"4":1,"5":1,"6":1,"7":1,"8":1,"9":1,"10":1,"11":1,"12":1,"13":1,"14":1,"15":1,"16":1,"17":1,"18":1,"19":1,"20":1,"21":1,"22":1,"23":1},"f":{},"b":{},"_coverageSchema":"1a1c01bbd47fc00a2c39e90264f33305004495a9","hash":"bb697eb1276876080cc84451f0513976681826e5"}
}
