TN:
SF:app.js
FNF:0
FNH:0
DA:1,1
DA:2,1
DA:5,1
DA:6,1
DA:7,1
DA:8,1
DA:9,1
DA:11,1
DA:13,1
DA:14,1
DA:15,1
DA:17,1
DA:20,1
LF:13
LH:13
BRDA:1,0,0,1
BRDA:1,0,1,0
BRF:2
BRH:1
end_of_record
TN:
SF:controllers/controller.js
FN:11,(anonymous_0)
FN:22,(anonymous_1)
FN:37,(anonymous_2)
FN:59,(anonymous_3)
FN:88,(anonymous_4)
FN:113,(anonymous_5)
FN:127,(anonymous_6)
FN:138,(anonymous_7)
FN:164,(anonymous_8)
FN:180,(anonymous_9)
FN:192,(anonymous_10)
FN:209,(anonymous_11)
FN:230,(anonymous_12)
FN:241,(anonymous_13)
FN:253,(anonymous_14)
FN:265,(anonymous_15)
FN:282,(anonymous_16)
FNF:17
FNH:1
FNDA:0,(anonymous_0)
FNDA:1,(anonymous_1)
FNDA:0,(anonymous_2)
FNDA:0,(anonymous_3)
FNDA:0,(anonymous_4)
FNDA:0,(anonymous_5)
FNDA:0,(anonymous_6)
FNDA:0,(anonymous_7)
FNDA:0,(anonymous_8)
FNDA:0,(anonymous_9)
FNDA:0,(anonymous_10)
FNDA:0,(anonymous_11)
FNDA:0,(anonymous_12)
FNDA:0,(anonymous_13)
FNDA:0,(anonymous_14)
FNDA:0,(anonymous_15)
FNDA:0,(anonymous_16)
DA:1,1
DA:2,1
DA:3,1
DA:4,1
DA:5,1
DA:6,1
DA:7,1
DA:8,1
DA:12,0
DA:13,0
DA:14,0
DA:15,0
DA:17,0
DA:19,0
DA:23,1
DA:24,1
DA:25,1
DA:26,1
DA:27,0
DA:29,1
DA:33,0
DA:34,0
DA:38,0
DA:39,0
DA:40,0
DA:41,0
DA:43,0
DA:48,0
DA:49,0
DA:50,0
DA:52,0
DA:53,0
DA:55,0
DA:56,0
DA:60,0
DA:61,0
DA:62,0
DA:67,0
DA:68,0
DA:70,0
DA:80,0
DA:81,0
DA:83,0
DA:89,0
DA:90,0
DA:91,0
DA:105,0
DA:106,0
DA:108,0
DA:110,0
DA:114,0
DA:115,0
DA:116,0
DA:117,0
DA:118,0
DA:120,0
DA:122,0
DA:128,0
DA:129,0
DA:130,0
DA:131,0
DA:133,0
DA:134,0
DA:139,0
DA:140,0
DA:141,0
DA:155,0
DA:156,0
DA:158,0
DA:160,0
DA:161,0
DA:165,0
DA:166,0
DA:167,0
DA:175,0
DA:177,0
DA:181,0
DA:182,0
DA:183,0
DA:184,0
DA:185,0
DA:187,0
DA:189,0
DA:193,0
DA:194,0
DA:195,0
DA:196,0
DA:197,0
DA:199,0
DA:204,0
DA:206,0
DA:210,0
DA:211,0
DA:212,0
DA:213,0
DA:214,0
DA:216,0
DA:221,0
DA:225,0
DA:231,0
DA:232,0
DA:233,0
DA:234,0
DA:236,0
DA:238,0
DA:242,0
DA:243,0
DA:244,0
DA:248,0
DA:250,0
DA:254,0
DA:255,0
DA:256,0
DA:257,0
DA:258,0
DA:260,0
DA:262,0
DA:266,0
DA:267,0
DA:268,0
DA:269,0
DA:270,0
DA:272,0
DA:277,0
DA:279,0
DA:283,0
DA:284,0
DA:285,0
DA:286,0
DA:287,0
DA:289,0
DA:294,0
DA:298,0
DA:303,1
LF:134
LH:14
BRDA:14,0,0,0
BRDA:14,0,1,0
BRDA:26,1,0,0
BRDA:26,1,1,1
BRDA:40,2,0,0
BRDA:40,2,1,0
BRDA:49,3,0,0
BRDA:49,3,1,0
BRDA:105,4,0,0
BRDA:105,4,1,0
BRDA:117,5,0,0
BRDA:117,5,1,0
BRDA:155,6,0,0
BRDA:155,6,1,0
BRDA:184,7,0,0
BRDA:184,7,1,0
BRDA:196,8,0,0
BRDA:196,8,1,0
BRDA:213,9,0,0
BRDA:213,9,1,0
BRDA:233,10,0,0
BRDA:233,10,1,0
BRDA:257,11,0,0
BRDA:257,11,1,0
BRDA:269,12,0,0
BRDA:269,12,1,0
BRDA:286,13,0,0
BRDA:286,13,1,0
BRF:28
BRH:1
end_of_record
TN:
SF:helper/geminiAI.js
FN:6,(anonymous_0)
FNF:1
FNH:0
FNDA:0,(anonymous_0)
DA:1,1
DA:2,1
DA:6,1
DA:7,0
DA:9,0
DA:11,0
DA:13,0
DA:14,0
DA:15,0
DA:16,0
DA:17,0
DA:19,0
DA:22,1
LF:13
LH:4
BRF:0
BRH:0
end_of_record
TN:
SF:helper/jwt.js
FN:4,(anonymous_0)
FN:7,(anonymous_1)
FNF:2
FNH:1
FNDA:1,(anonymous_0)
FNDA:0,(anonymous_1)
DA:1,1
DA:2,1
DA:4,1
DA:5,1
DA:7,1
DA:8,0
DA:10,1
LF:7
LH:6
BRF:0
BRH:0
end_of_record
TN:
SF:middleware/authentication.js
FN:4,authenthication
FNF:1
FNH:0
FNDA:0,authenthication
DA:1,1
DA:2,1
DA:5,0
DA:6,0
DA:7,0
DA:8,0
DA:9,0
DA:12,0
DA:13,0
DA:14,0
DA:15,0
DA:17,0
DA:18,0
DA:20,0
DA:21,0
DA:24,0
DA:28,0
DA:31,0
DA:36,1
LF:19
LH:3
BRDA:8,0,0,0
BRDA:8,0,1,0
BRDA:13,1,0,0
BRDA:13,1,1,0
BRDA:20,2,0,0
BRDA:20,2,1,0
BRF:6
BRH:0
end_of_record
TN:
SF:middleware/authorization.js
FN:3,authorization
FNF:1
FNH:0
FNDA:0,authorization
DA:1,1
DA:4,0
DA:5,0
DA:6,0
DA:7,0
DA:9,0
DA:13,0
DA:14,0
DA:16,0
DA:17,0
DA:19,0
DA:23,0
DA:27,1
LF:13
LH:2
BRDA:13,0,0,0
BRDA:13,0,1,0
BRDA:16,1,0,0
BRDA:16,1,1,0
BRF:4
BRH:0
end_of_record
TN:
SF:middleware/errorHandle.js
FN:1,errorHandle
FNF:1
FNH:0
FNDA:0,errorHandle
DA:1,1
DA:3,0
DA:4,0
DA:6,0
DA:9,0
DA:10,0
DA:11,0
DA:13,0
DA:14,0
DA:15,0
DA:17,0
DA:18,0
DA:19,0
DA:21,0
DA:22,0
DA:23,0
DA:25,0
DA:26,0
DA:27,0
DA:29,0
DA:30,0
DA:31,0
DA:33,0
DA:34,0
DA:35,0
DA:38,0
DA:39,0
DA:40,0
DA:42,0
DA:43,0
DA:44,0
DA:46,0
DA:48,0
LF:33
LH:1
BRDA:3,0,0,0
BRDA:3,0,1,0
BRDA:4,1,0,0
BRDA:4,1,1,0
BRDA:6,2,0,0
BRDA:6,2,1,0
BRDA:6,2,2,0
BRDA:6,2,3,0
BRDA:6,2,4,0
BRDA:6,2,5,0
BRDA:6,2,6,0
BRDA:6,2,7,0
BRDA:6,2,8,0
BRDA:6,2,9,0
BRDA:6,2,10,0
BRDA:6,2,11,0
BRF:16
BRH:0
end_of_record
TN:
SF:models/game.js
FN:5,(anonymous_0)
FN:12,(anonymous_1)
FNF:2
FNH:2
FNDA:1,(anonymous_0)
FNDA:1,(anonymous_1)
DA:4,1
DA:5,1
DA:14,1
DA:15,1
DA:18,1
DA:65,1
LF:6
LH:6
BRF:0
BRH:0
end_of_record
TN:
SF:models/genre.js
FN:5,(anonymous_0)
FN:12,(anonymous_1)
FNF:2
FNH:2
FNDA:1,(anonymous_0)
FNDA:1,(anonymous_1)
DA:4,1
DA:5,1
DA:14,1
DA:15,1
DA:18,1
DA:35,1
LF:6
LH:6
BRF:0
BRH:0
end_of_record
TN:
SF:models/index.js
FN:21,(anonymous_0)
FN:29,(anonymous_1)
FN:34,(anonymous_2)
FNF:3
FNH:3
FNDA:5,(anonymous_0)
FNDA:4,(anonymous_1)
FNDA:4,(anonymous_2)
DA:3,1
DA:4,1
DA:5,1
DA:6,1
DA:7,1
DA:8,1
DA:9,1
DA:10,1
DA:13,1
DA:14,0
DA:16,1
DA:19,1
DA:22,5
DA:30,4
DA:31,4
DA:34,1
DA:35,4
DA:36,4
DA:40,1
DA:41,1
DA:43,1
LF:21
LH:20
BRDA:8,0,0,1
BRDA:8,0,1,0
BRDA:13,1,0,0
BRDA:13,1,1,1
BRDA:23,2,0,5
BRDA:23,2,1,5
BRDA:23,2,2,4
BRDA:23,2,3,4
BRDA:35,3,0,4
BRDA:35,3,1,0
BRF:10
BRH:7
end_of_record
TN:
SF:models/user.js
FN:6,(anonymous_0)
FN:13,(anonymous_1)
FN:68,(anonymous_2)
FNF:3
FNH:3
FNDA:1,(anonymous_0)
FNDA:1,(anonymous_1)
FNDA:2,(anonymous_2)
DA:4,1
DA:5,1
DA:6,1
DA:15,1
DA:16,1
DA:20,1
DA:69,2
DA:70,2
DA:71,2
DA:76,1
LF:10
LH:10
BRF:0
BRH:0
end_of_record
TN:
SF:models/usergenre.js
FN:5,(anonymous_0)
FN:12,(anonymous_1)
FNF:2
FNH:2
FNDA:1,(anonymous_0)
FNDA:1,(anonymous_1)
DA:4,1
DA:5,1
DA:14,1
DA:15,1
DA:18,1
DA:25,1
LF:6
LH:6
BRF:0
BRH:0
end_of_record
TN:
SF:routes/index.js
FNF:0
FNH:0
DA:1,1
DA:2,1
DA:3,1
DA:4,1
DA:5,1
DA:7,1
DA:8,1
DA:9,1
DA:10,1
DA:13,1
DA:14,1
DA:15,1
DA:18,1
DA:21,1
DA:22,1
DA:23,1
DA:24,1
DA:25,1
DA:28,1
DA:29,1
DA:30,1
DA:31,1
DA:32,1
DA:34,1
LF:24
LH:24
BRF:0
BRH:0
end_of_record
